<?xml version="1.0" encoding="UTF-8"?>
<testsuite xmlns:xsi="http://www.w3.org/2001/XMLSchema-instance" xsi:noNamespaceSchemaLocation="https://maven.apache.org/surefire/maven-surefire-plugin/xsd/surefire-test-report-3.0.xsd" version="3.0" name="selenium4.test.RechercheTest" time="25.738" tests="4" errors="0" skipped="0" failures="0">
  <properties>
[...]
</properties>
  <testcase name="testRechercheInfructueuse" classname="selenium4.test.RechercheTest" time="6.493">
    <system-out><![CDATA[Firefox
desktop
2025-11-29 21:49:22 INFO  prestashopTest:74 - création du driver
2025-11-29 21:49:26 INFO  prestashopTest:81 - affichagedesktop
2025-11-29 21:49:26 INFO  prestashopTest:89 - création page desktop
2025-11-29 21:49:26 INFO  prestashopTest:22 - lancer une recherche
]]></system-out>
  </testcase>
  <testcase name="testRechercheAvecTri" classname="selenium4.test.RechercheTest" time="7.507">
    <system-out><![CDATA[2025-11-29 21:49:28 INFO  prestashopTest:74 - création du driver
2025-11-29 21:49:31 INFO  prestashopTest:81 - affichagedesktop
2025-11-29 21:49:31 INFO  prestashopTest:89 - création page desktop
a implémenter2025-11-29 21:49:31 INFO  prestashopTest:22 - lancer une recherche
5
14,28 €
14.28 
14,28 €
14.28 
14,28 €
14.28 
16,68 €
16.68 
42,00 €
42.00 
14,28 €]]></system-out>
  </testcase>
  <testcase name="testRecherche" classname="selenium4.test.RechercheTest" time="5.743">
    <system-out><![CDATA[2025-11-29 21:49:36 INFO  prestashopTest:74 - création du driver
2025-11-29 21:49:39 INFO  prestashopTest:81 - affichagedesktop
2025-11-29 21:49:39 INFO  prestashopTest:89 - création page desktop
2025-11-29 21:49:39 INFO  prestashopTest:22 - lancer une recherche
]]></system-out>
  </testcase>
  <testcase name="testRechercheInfructueuseVide" classname="selenium4.test.RechercheTest" time="5.931">
    <system-out><![CDATA[2025-11-29 21:49:42 INFO  prestashopTest:74 - création du driver
2025-11-29 21:49:45 INFO  prestashopTest:81 - affichagedesktop
2025-11-29 21:49:45 INFO  prestashopTest:89 - création page desktop
2025-11-29 21:49:45 INFO  prestashopTest:22 - lancer une recherche
]]></system-out>
  </testcase>
</testsuite>